<?xml version="1.0" encoding="UTF-8"?>
<!-- Generated by org.testng.reporters.JUnitReportReporter -->
<testsuite hostname="Dhruv" failures="0" tests="2" name="TestNGPractice.TestNGAnnotations" time="0.012" errors="0" timestamp="2025-08-29T21:15:39 IST" skipped="0">
  <testcase classname="TestNGPractice.TestNGAnnotations" name="testMethod1" time="0.002"/>
  <testcase classname="TestNGPractice.TestNGAnnotations" name="testMethod" time="0.010"/>
</testsuite> <!-- TestNGPractice.TestNGAnnotations -->
